<?xml version="1.0" encoding="UTF-8"?>
<testsuite name="com.aor.numbers.ListAggregatorTest" tests="6" skipped="0" failures="0" errors="0" timestamp="2021-03-10T11:03:48" hostname="DESKTOP-F4VOPTC" time="0.471">
  <properties/>
  <testcase name="max_bug_7263()" classname="com.aor.numbers.ListAggregatorTest" time="0.453"/>
  <testcase name="max()" classname="com.aor.numbers.ListAggregatorTest" time="0.002"/>
  <testcase name="min()" classname="com.aor.numbers.ListAggregatorTest" time="0.002"/>
  <testcase name="sum()" classname="com.aor.numbers.ListAggregatorTest" time="0.002"/>
  <testcase name="distinct_bug()" classname="com.aor.numbers.ListAggregatorTest" time="0.004"/>
  <testcase name="distinct()" classname="com.aor.numbers.ListAggregatorTest" time="0.002"/>
  <system-out><![CDATA[]]></system-out>
  <system-err><![CDATA[]]></system-err>
</testsuite>
