<?xml version="1.0" encoding="UTF-8"?>
<testsuite name="com.aor.numbers.ListSorterTest" tests="4" skipped="0" failures="0" errors="0" timestamp="2021-03-10T12:05:24" hostname="DESKTOP-F4VOPTC" time="0.012">
  <properties/>
  <testcase name="testEqualsNull()" classname="com.aor.numbers.ListSorterTest" time="0.001"/>
  <testcase name="sort()" classname="com.aor.numbers.ListSorterTest" time="0.002"/>
  <testcase name="testEquals()" classname="com.aor.numbers.ListSorterTest" time="0.001"/>
  <testcase name="sort_bug()" classname="com.aor.numbers.ListSorterTest" time="0.002"/>
  <system-out><![CDATA[]]></system-out>
  <system-err><![CDATA[]]></system-err>
</testsuite>
