<?xml version="1.0" encoding="UTF-8"?>
<testsuite name="com.aor.numbers.ListAggregatorTest" tests="8" skipped="0" failures="0" errors="0" timestamp="2021-03-10T12:05:22" hostname="DESKTOP-F4VOPTC" time="1.131">
  <properties/>
  <testcase name="max_bug_7263()" classname="com.aor.numbers.ListAggregatorTest" time="1.075"/>
  <testcase name="max()" classname="com.aor.numbers.ListAggregatorTest" time="0.005"/>
  <testcase name="min()" classname="com.aor.numbers.ListAggregatorTest" time="0.002"/>
  <testcase name="sum()" classname="com.aor.numbers.ListAggregatorTest" time="0.003"/>
  <testcase name="distinct_bug()" classname="com.aor.numbers.ListAggregatorTest" time="0.012"/>
  <testcase name="distinct()" classname="com.aor.numbers.ListAggregatorTest" time="0.004"/>
  <testcase name="max_repeated()" classname="com.aor.numbers.ListAggregatorTest" time="0.003"/>
  <testcase name="min_repeated()" classname="com.aor.numbers.ListAggregatorTest" time="0.011"/>
  <system-out><![CDATA[]]></system-out>
  <system-err><![CDATA[]]></system-err>
</testsuite>
