<?xml version="1.0" encoding="UTF-8"?>
<testsuite name="com.aor.numbers.ListFiltererTest" tests="1" skipped="0" failures="0" errors="0" timestamp="2021-03-10T11:30:44" hostname="DESKTOP-F4VOPTC" time="0.417">
  <properties/>
  <testcase name="DivisibleFilterTest()" classname="com.aor.numbers.ListFiltererTest" time="0.417"/>
  <system-out><![CDATA[]]></system-out>
  <system-err><![CDATA[]]></system-err>
</testsuite>
